\BOOKMARK [1][-]{section.1}{\376\377\000M\036\345\000c\000\040\000t\000i\000\352\000u\000\040\000m\000\364\000n\000\040\000h\036\315\000c}{}% 1
\BOOKMARK [1][-]{section.2}{\376\377\000G\000i\036\333\000i\000\040\000t\000h\000i\036\307\000u\000\040\000b\000\340\000i\000\040\000t\000o\000\341\000n}{}% 2
\BOOKMARK [2][-]{subsection.2.1}{\376\377\000V\036\245\000n\000\040\001\021\036\301}{section.2}% 3
\BOOKMARK [2][-]{subsection.2.2}{\376\377\001\020\036\267\000c\000\040\000t\036\243\000\040\000b\000\340\000i\000\040\000t\000o\000\341\000n}{section.2}% 4
\BOOKMARK [1][-]{section.3}{\376\377\000P\000h\000\342\000n\000\040\000t\000\355\000c\000h\000\040\000b\000\340\000i\000\040\000t\000o\000\341\000n}{}% 5
\BOOKMARK [2][-]{subsection.3.1}{\376\377\000Y\000\352\000u\000\040\000c\036\247\000u\000\040\000b\000\340\000i\000\040\000t\000o\000\341\000n}{section.3}% 6
\BOOKMARK [2][-]{subsection.3.2}{\376\377\000K\000i\036\277\000n\000\040\000t\000h\036\351\000c\000\040\000c\036\247\000n\000\040\000d\000\371\000n\000g}{section.3}% 7
\BOOKMARK [1][-]{section.4}{\376\377\000G\000i\036\243\000i\000\040\000q\000u\000y\036\277\000t\000\040\000v\036\245\000n\000\040\001\021\036\301}{}% 8
\BOOKMARK [2][-]{subsection.4.1}{\376\377\000X\000\341\000c\000\040\001\021\036\313\000n\000h\000\040\000h\001\260\036\333\000n\000g\000\040\001\021\000i}{section.4}% 9
\BOOKMARK [2][-]{subsection.4.2}{\376\377\001\020\036\313\000n\000h\000\040\000n\000g\000h\001\051\000a\000\040\000b\000\340\000i\000\040\000t\000o\000\341\000n}{section.4}% 10
\BOOKMARK [3][-]{subsubsection.4.2.1}{\376\377\000K\000h\000\364\000n\000g\000\040\000g\000i\000a\000n\000\040\000b\000\340\000i\000\040\000t\000o\000\341\000n}{subsection.4.2}% 11
\BOOKMARK [3][-]{subsubsection.4.2.2}{\376\377\000P\000h\000\342\000n\000\040\000r\000\343\000\040\000b\000\340\000i\000\040\000t\000o\000\341\000n\000\040\000t\000h\000\340\000n\000h\000\040\000b\000\340\000i\000\040\000t\000o\000\341\000n\000\040\000n\000h\036\317\000\040\000h\001\241\000n}{subsection.4.2}% 12
\BOOKMARK [2][-]{subsection.4.3}{\376\377\000T\036\321\000i\000\040\001\260\000u\000\040\000t\000r\036\241\000n\000g\000\040\000t\000h\000\341\000i\000\040\000m\036\345\000c\000\040\000t\000i\000\352\000u}{section.4}% 13
\BOOKMARK [3][-]{subsubsection.4.3.1}{\376\377\001\020\036\313\000n\000h\000\040\000n\000g\000h\001\051\000a\000\040\000t\000r\036\241\000n\000g\000\040\000t\000h\000\341\000i}{subsection.4.3}% 14
\BOOKMARK [3][-]{subsubsection.4.3.2}{\376\377\000L\000u\036\255\000t\000\040\000d\000i\000\040\000c\000h\000u\000y\036\303\000n\000\040\000t\000r\036\241\000n\000g\000\040\000t\000h\000\341\000i}{subsection.4.3}% 15
\BOOKMARK [1][-]{section.5}{\376\377\000K\036\277\000t\000\040\000q\000u\036\243\000\040\001\021\036\241\000t\000\040\001\021\001\260\036\343\000c}{}% 16
\BOOKMARK [2][-]{subsection.5.1}{\376\377\000S\036\257\000p\000\040\000l\036\313\000c\000h\000\040\000c\000h\000o\000\040\000t\000r\001\260\036\335\000n\000g\000\040\000h\036\343\000p\000\040\000n\000\040\000=\000\040\0008\000,\000\040\000k\000\040\000=\000\040\0004}{section.5}% 17
\BOOKMARK [2][-]{subsection.5.2}{\376\377\000S\036\257\000p\000\040\000l\036\313\000c\000h\000\040\000c\000h\000o\000\040\000t\000r\001\260\036\335\000n\000g\000\040\000h\036\343\000p\000\040\000n\000\040\000=\000\040\0001\0008\000,\000\040\000k\000\040\000=\000\040\0001\0001}{section.5}% 18
\BOOKMARK [1][-]{section.6}{\376\377\000Q\000u\000\341\000\040\000t\000r\000\354\000n\000h\000\040\000k\000i\036\303\000m\000\040\000t\000r\000a\000\040\000v\000\340\000\040\001\021\000\341\000n\000h\000\040\000g\000i\000\341}{}% 19
\BOOKMARK [2][-]{subsection.6.1}{\376\377\000T\036\241\000o\000\040\000t\000e\000s\000t\000c\000a\000s\000e\000\040\001\021\036\303\000\040\000k\000i\036\303\000m\000\040\000t\000r\000a}{section.6}% 20
\BOOKMARK [2][-]{subsection.6.2}{\376\377\001\020\000\341\000n\000h\000\040\000g\000i\000\341\000\040\000g\000i\036\243\000i\000\040\000t\000h\000u\036\255\000t}{section.6}% 21
\BOOKMARK [2][-]{subsection.6.3}{\376\377\000S\036\321\000\040\000l\001\260\036\343\000n\000g\000\040\000f\000i\000l\000e\000\040\001\021\000\355\000n\000h\000\040\000k\000\350\000m}{section.6}% 22
